<?xml version="1.0" encoding="UTF-8"?>
<testsuite xmlns:xsi="http://www.w3.org/2001/XMLSchema-instance" xsi:noNamespaceSchemaLocation="https://maven.apache.org/surefire/maven-surefire-plugin/xsd/surefire-test-report-3.0.xsd" version="3.0" name="com.youtubeMiner.youtubeMiner.YoutubeMinerApplicationTests" time="1.29" tests="1" errors="0" skipped="0" failures="0">
  <properties>
[...]
</properties>
  <testcase name="contextLoads" classname="com.youtubeMiner.youtubeMiner.YoutubeMinerApplicationTests" time="0.45">
    <system-out><![CDATA[16:26:50.279 [main] INFO org.springframework.test.context.support.AnnotationConfigContextLoaderUtils -- Could not detect default configuration classes for test class [com.youtubeMiner.youtubeMiner.YoutubeMinerApplicationTests]: YoutubeMinerApplicationTests does not declare any static, non-private, non-final, nested classes annotated with @Configuration.
16:26:50.320 [main] INFO org.springframework.boot.test.context.SpringBootTestContextBootstrapper -- Found @SpringBootConfiguration com.youtubeMiner.youtubeMiner.YoutubeMinerApplication for test class com.youtubeMiner.youtubeMiner.YoutubeMinerApplicationTests

  .   ____          _            __ _ _
 /\\ / ___'_ __ _ _(_)_ __  __ _ \ \ \ \
( ( )\___ | '_ | '_| | '_ \/ _` | \ \ \ \
 \\/  ___)| |_)| | | | | || (_| |  ) ) ) )
  '  |____| .__|_| |_|_| |_\__, | / / / /
 =========|_|==============|___/=/_/_/_/
 :: Spring Boot ::                (v3.2.5)

2024-05-10T16:26:50.487+02:00  INFO 1417 --- [youtubeMiner] [           main] c.y.y.YoutubeMinerApplicationTests       : Starting YoutubeMinerApplicationTests using Java 20.0.2.1 with PID 1417 (started by thomas in /Users/thomas/Documents/Cours/youtubeminer/youtube-miner)
2024-05-10T16:26:50.488+02:00  INFO 1417 --- [youtubeMiner] [           main] c.y.y.YoutubeMinerApplicationTests       : No active profile set, falling back to 1 default profile: "default"
2024-05-10T16:26:51.034+02:00  INFO 1417 --- [youtubeMiner] [           main] c.y.y.YoutubeMinerApplicationTests       : Started YoutubeMinerApplicationTests in 0.659 seconds (process running for 1.069)
]]></system-out>
  </testcase>
</testsuite>